app/build/intermediates/manifest_merge_blame_file/release/manifest-merger-blame-release-report.txt
1<?xml version="1.0" encoding="utf-8"?>
2<manifest xmlns:android="http://schemas.android.com/apk/res/android"
3    package="com.tiseno.poplook"
4    android:versionCode="115"
5    android:versionName="6.5.2" >
6
7    <uses-sdk
7-->src/main/AndroidManifest.xml:6:5-73
8        android:minSdkVersion="19"
8-->src/main/AndroidManifest.xml:6:5-73
9        android:targetSdkVersion="29" />
9-->src/main/AndroidManifest.xml:6:5-73
10
11    <!-- <uses-feature -->
12    <!-- android:glEsVersion="0x00020000" -->
13    <!-- android:required="true" /> -->
14
15    <uses-permission android:name="android.permission.INTERNET" />
15-->src/main/AndroidManifest.xml:12:5-67
15-->src/main/AndroidManifest.xml:12:22-64
16    <uses-permission android:name="android.permission.WRITE_EXTERNAL_STORAGE" />
16-->src/main/AndroidManifest.xml:13:5-81
16-->src/main/AndroidManifest.xml:13:22-78
17    <uses-permission android:name="android.permission.READ_PHONE_STATE" />
17-->src/main/AndroidManifest.xml:14:5-75
17-->src/main/AndroidManifest.xml:14:22-72
18    <uses-permission android:name="android.permission.ACCESS_NETWORK_STATE" />
18-->src/main/AndroidManifest.xml:15:5-79
18-->src/main/AndroidManifest.xml:15:22-76
19    <uses-permission android:name="android.permission.SYSTEM_ALERT_WINDOW" />
19-->src/main/AndroidManifest.xml:16:5-78
19-->src/main/AndroidManifest.xml:16:22-75
20    <uses-permission android:name="com.google.android.providers.gsf.permission.READ_GSERVICES" />
20-->src/main/AndroidManifest.xml:17:5-98
20-->src/main/AndroidManifest.xml:17:22-95
21    <uses-permission android:name="android.permission.READ_EXTERNAL_STORAGE" />
21-->src/main/AndroidManifest.xml:18:5-80
21-->src/main/AndroidManifest.xml:18:22-77
22    <uses-permission android:name="android.permission.ACCESS_WIFI_STATE" />
22-->src/main/AndroidManifest.xml:19:5-76
22-->src/main/AndroidManifest.xml:19:22-73
23    <uses-permission android:name="android.permission.ACCESS_FINE_LOCATION" />
23-->src/main/AndroidManifest.xml:20:5-78
23-->src/main/AndroidManifest.xml:20:22-76
24    <uses-permission android:name="android.permission.ACCESS_COARSE_LOCATION" />
24-->src/main/AndroidManifest.xml:21:5-80
24-->src/main/AndroidManifest.xml:21:22-78
25    <uses-permission android:name="android.permission.WAKE_LOCK" />
25-->src/main/AndroidManifest.xml:22:5-68
25-->src/main/AndroidManifest.xml:22:22-65
26    <uses-permission android:name="android.permission.GET_ACCOUNTS" />
26-->src/main/AndroidManifest.xml:23:5-71
26-->src/main/AndroidManifest.xml:23:22-68
27    <uses-permission android:name="android.permission.VIBRATE" />
27-->src/main/AndroidManifest.xml:24:5-66
27-->src/main/AndroidManifest.xml:24:22-63
28
29    <!-- Required by older versions of Google Play services to create GCM registration tokens -->
30    <uses-permission android:name="com.google.android.c2dm.permission.RECEIVE" />
30-->[com.google.android.gms:play-services-gcm:17.0.0] AndroidManifest.xml:23:5-82
30-->[com.google.android.gms:play-services-gcm:17.0.0] AndroidManifest.xml:23:22-79
31    <uses-permission android:name="android.permission.ACCESS_BACKGROUND_LOCATION" />
31-->[com.useinsider:insider:11.0.0] AndroidManifest.xml:14:5-85
31-->[com.useinsider:insider:11.0.0] AndroidManifest.xml:14:22-82
32    <uses-permission android:name="com.google.android.finsky.permission.BIND_GET_INSTALL_REFERRER_SERVICE" />
32-->[com.google.android.gms:play-services-measurement:17.2.2] AndroidManifest.xml:26:5-110
32-->[com.google.android.gms:play-services-measurement:17.2.2] AndroidManifest.xml:26:22-107
33    <uses-permission android:name="android.permission.CAMERA" />
33-->[io.card:android-sdk:5.4.2] AndroidManifest.xml:9:5-65
33-->[io.card:android-sdk:5.4.2] AndroidManifest.xml:9:22-62
34
35    <uses-feature
35-->[io.card:android-sdk:5.4.2] AndroidManifest.xml:12:5-14:36
36        android:name="android.hardware.camera"
36-->[io.card:android-sdk:5.4.2] AndroidManifest.xml:13:9-47
37        android:required="false" />
37-->[io.card:android-sdk:5.4.2] AndroidManifest.xml:14:9-33
38    <uses-feature
38-->[io.card:android-sdk:5.4.2] AndroidManifest.xml:15:5-17:36
39        android:name="android.hardware.camera.autofocus"
39-->[io.card:android-sdk:5.4.2] AndroidManifest.xml:16:9-57
40        android:required="false" /> <!-- PUSH NOTIFICATION PERMISSIONS -->
40-->[io.card:android-sdk:5.4.2] AndroidManifest.xml:17:9-33
41    <application
41-->src/main/AndroidManifest.xml:27:5-187:19
42        android:name="com.tiseno.poplook.POPLOOK"
42-->src/main/AndroidManifest.xml:28:9-32
43        android:allowBackup="false"
43-->src/main/AndroidManifest.xml:30:9-36
44        android:appComponentFactory="androidx.core.app.CoreComponentFactory"
44-->[androidx.core:core:1.1.0] AndroidManifest.xml:24:18-86
45        android:icon="@drawable/ic_launcher_new"
45-->src/main/AndroidManifest.xml:31:9-49
46        android:label="@string/app_name"
46-->src/main/AndroidManifest.xml:32:9-41
47        android:largeHeap="true"
47-->src/main/AndroidManifest.xml:33:9-33
48        android:resizeableActivity="true"
48-->src/main/AndroidManifest.xml:36:9-42
49        android:screenOrientation="portrait"
49-->src/main/AndroidManifest.xml:34:9-45
50        android:supportsRtl="true"
50-->src/main/AndroidManifest.xml:35:9-35
51        android:theme="@style/AppTheme.NoActionBar"
51-->src/main/AndroidManifest.xml:38:9-52
52        android:usesCleartextTraffic="true" >
52-->src/main/AndroidManifest.xml:37:9-44
53        <activity
53-->src/main/AndroidManifest.xml:39:9-52:20
54            android:name="com.tiseno.poplook.MainActivity"
54-->src/main/AndroidManifest.xml:40:13-41
55            android:label="@string/app_name"
55-->src/main/AndroidManifest.xml:41:13-45
56            android:launchMode="singleTask"
56-->src/main/AndroidManifest.xml:42:13-44
57            android:resizeableActivity="true"
57-->src/main/AndroidManifest.xml:44:13-46
58            android:screenOrientation="portrait"
58-->src/main/AndroidManifest.xml:43:13-49
59            android:theme="@style/AppTheme.NoActionBar" >
59-->src/main/AndroidManifest.xml:45:13-56
60            <intent-filter>
60-->src/main/AndroidManifest.xml:46:13-51:29
61                <action android:name="android.intent.action.VIEW" />
61-->src/main/AndroidManifest.xml:47:17-69
61-->src/main/AndroidManifest.xml:47:25-66
62
63                <category android:name="android.intent.category.DEFAULT" />
63-->src/main/AndroidManifest.xml:48:17-76
63-->src/main/AndroidManifest.xml:48:27-73
64                <category android:name="android.intent.category.BROWSABLE" />
64-->src/main/AndroidManifest.xml:49:17-78
64-->src/main/AndroidManifest.xml:49:27-75
65
66                <data
66-->src/main/AndroidManifest.xml:50:17-104
67                    android:host="poplook.com"
67-->src/main/AndroidManifest.xml:50:45-71
68                    android:pathPrefix="/en/home"
68-->src/main/AndroidManifest.xml:50:72-101
69                    android:scheme="http" />
69-->src/main/AndroidManifest.xml:50:23-44
70            </intent-filter>
71        </activity>
72        <activity
72-->src/main/AndroidManifest.xml:53:9-58:49
73            android:name="com.tiseno.poplook.functions.TestHTML5WebView"
73-->src/main/AndroidManifest.xml:54:13-55
74            android:hardwareAccelerated="true"
74-->src/main/AndroidManifest.xml:58:13-47
75            android:label="@string/app_name"
75-->src/main/AndroidManifest.xml:55:13-45
76            android:screenOrientation="portrait"
76-->src/main/AndroidManifest.xml:56:13-49
77            android:theme="@style/AppTheme.NoActionBar" />
77-->src/main/AndroidManifest.xml:57:13-56
78        <activity
78-->src/main/AndroidManifest.xml:59:9-63:59
79            android:name="com.tiseno.poplook.CountryPickerFragment"
79-->src/main/AndroidManifest.xml:60:13-50
80            android:label="@string/app_name"
80-->src/main/AndroidManifest.xml:61:13-45
81            android:screenOrientation="portrait"
81-->src/main/AndroidManifest.xml:62:13-49
82            android:theme="@style/AppTheme.NoActionBar" />
82-->src/main/AndroidManifest.xml:63:13-56
83        <activity
83-->src/main/AndroidManifest.xml:64:9-68:59
84            android:name="com.tiseno.poplook.PaypalPaymentActivity"
84-->src/main/AndroidManifest.xml:65:13-50
85            android:label="@string/title_activity_paypal_payment"
85-->src/main/AndroidManifest.xml:66:13-66
86            android:screenOrientation="portrait"
86-->src/main/AndroidManifest.xml:67:13-49
87            android:theme="@style/AppTheme.NoActionBar" />
87-->src/main/AndroidManifest.xml:68:13-56
88
89        <!-- PAYPAL -->
90        <service
90-->src/main/AndroidManifest.xml:71:9-73:40
91            android:name="com.paypal.android.sdk.payments.PayPalService"
91-->src/main/AndroidManifest.xml:72:13-73
92            android:exported="false" />
92-->src/main/AndroidManifest.xml:73:13-37
93
94        <activity
94-->src/main/AndroidManifest.xml:75:9-78:59
95            android:name="com.paypal.android.sdk.payments.PaymentActivity"
95-->src/main/AndroidManifest.xml:76:13-75
96            android:screenOrientation="portrait"
96-->src/main/AndroidManifest.xml:77:13-49
97            android:theme="@style/AppTheme.NoActionBar" />
97-->src/main/AndroidManifest.xml:78:13-56
98        <activity
98-->src/main/AndroidManifest.xml:79:9-82:59
99            android:name="com.paypal.android.sdk.payments.LoginActivity"
99-->src/main/AndroidManifest.xml:80:13-73
100            android:screenOrientation="portrait"
100-->src/main/AndroidManifest.xml:81:13-49
101            android:theme="@style/AppTheme.NoActionBar" />
101-->src/main/AndroidManifest.xml:82:13-56
102        <activity
102-->src/main/AndroidManifest.xml:83:9-86:59
103            android:name="com.paypal.android.sdk.payments.PaymentMethodActivity"
103-->src/main/AndroidManifest.xml:84:13-81
104            android:screenOrientation="portrait"
104-->src/main/AndroidManifest.xml:85:13-49
105            android:theme="@style/AppTheme.NoActionBar" />
105-->src/main/AndroidManifest.xml:86:13-56
106        <activity
106-->src/main/AndroidManifest.xml:87:9-90:59
107            android:name="com.paypal.android.sdk.payments.PaymentConfirmActivity"
107-->src/main/AndroidManifest.xml:88:13-82
108            android:screenOrientation="portrait"
108-->src/main/AndroidManifest.xml:89:13-49
109            android:theme="@style/AppTheme.NoActionBar" />
109-->src/main/AndroidManifest.xml:90:13-56
110        <activity
110-->src/main/AndroidManifest.xml:91:9-94:59
111            android:name="io.card.payment.CardIOActivity"
111-->src/main/AndroidManifest.xml:92:13-58
112            android:configChanges="keyboardHidden|orientation"
112-->[io.card:android-sdk:5.4.2] AndroidManifest.xml:22:13-63
113            android:screenOrientation="portrait"
113-->src/main/AndroidManifest.xml:93:13-49
114            android:theme="@style/AppTheme.NoActionBar" />
114-->src/main/AndroidManifest.xml:94:13-56
115        <activity
115-->src/main/AndroidManifest.xml:95:9-98:59
116            android:name="io.card.payment.DataEntryActivity"
116-->src/main/AndroidManifest.xml:96:13-61
117            android:screenOrientation="portrait"
117-->src/main/AndroidManifest.xml:97:13-49
118            android:theme="@style/AppTheme.NoActionBar" />
118-->src/main/AndroidManifest.xml:98:13-56
119        <!-- PAYPAL -->
120
121
122        <!-- IPAY88 -->
123
124
125        <!-- <activity -->
126        <!-- android:name="my.com.ipay88.androidsdkmerchanthosted.IPayMHActivity" -->
127        <!-- android:configChanges="orientation|screenSize" /> -->
128
129        <activity
129-->src/main/AndroidManifest.xml:109:9-112:16
130            android:name="com.ipay.IPayIHActivity"
130-->src/main/AndroidManifest.xml:110:13-51
131            android:configChanges="orientation|screenSize" />
131-->src/main/AndroidManifest.xml:111:13-59
132        <activity
132-->src/main/AndroidManifest.xml:113:9-116:15
133            android:name="com.ipay.IPayIHAcitivityR"
133-->src/main/AndroidManifest.xml:114:13-53
134            android:configChanges="orientation|screenSize" />
134-->src/main/AndroidManifest.xml:115:13-59
135        <!-- IPAY88 -->
136
137        <activity
137-->src/main/AndroidManifest.xml:119:9-123:59
138            android:name="com.tiseno.poplook.IPay88PaymentActivity"
138-->src/main/AndroidManifest.xml:120:13-50
139            android:label="@string/title_activity_ipay88_payment"
139-->src/main/AndroidManifest.xml:121:13-66
140            android:screenOrientation="portrait"
140-->src/main/AndroidManifest.xml:122:13-49
141            android:theme="@style/AppTheme.NoActionBar" />
141-->src/main/AndroidManifest.xml:123:13-56
142
143        <service android:name="com.tiseno.poplook.functions.MyFcmListenerService" >
143-->src/main/AndroidManifest.xml:125:9-130:19
143-->src/main/AndroidManifest.xml:126:13-59
144            <intent-filter>
144-->src/main/AndroidManifest.xml:127:13-129:29
145                <action android:name="com.google.firebase.MESSAGING_EVENT" />
145-->src/main/AndroidManifest.xml:128:17-78
145-->src/main/AndroidManifest.xml:128:25-75
146            </intent-filter>
147        </service>
148        <!--
149      FirebaseInstanceIdService performs security checks at runtime,
150      no need for explicit permissions despite exported="true"
151        -->
152        <!-- <service android:name=".functions.MyFcmListenerService" android:exported="true"> -->
153        <!-- <intent-filter> -->
154        <!-- <action android:name="com.google.firebase.INSTANCE_ID_EVENT"/> -->
155        <!-- </intent-filter> -->
156        <!-- </service> -->
157        <!-- &lt;!&ndash; [START gcm_listener] &ndash;&gt; -->
158
159        <service
159-->src/main/AndroidManifest.xml:140:9-142:40
160            android:name="com.tiseno.poplook.functions.RegistrationIntentService"
160-->src/main/AndroidManifest.xml:141:13-64
161            android:exported="false" />
161-->src/main/AndroidManifest.xml:142:13-37
162
163        <activity
163-->src/main/AndroidManifest.xml:144:9-148:59
164            android:name="com.tiseno.poplook.ENetsPaymentActivity"
164-->src/main/AndroidManifest.xml:145:13-49
165            android:label="@string/title_activity_enets_payment"
165-->src/main/AndroidManifest.xml:146:13-65
166            android:screenOrientation="portrait"
166-->src/main/AndroidManifest.xml:147:13-49
167            android:theme="@style/AppTheme.NoActionBar" />
167-->src/main/AndroidManifest.xml:148:13-56
168        <activity
168-->src/main/AndroidManifest.xml:149:9-153:59
169            android:name="com.tiseno.poplook.functions.EGHLStart"
169-->src/main/AndroidManifest.xml:150:13-48
170            android:label="eGHL Payment"
170-->src/main/AndroidManifest.xml:151:13-41
171            android:screenOrientation="portrait"
171-->src/main/AndroidManifest.xml:152:13-49
172            android:theme="@style/AppTheme.NoActionBar" />
172-->src/main/AndroidManifest.xml:153:13-56
173        <activity
173-->src/main/AndroidManifest.xml:154:9-158:59
174            android:name="com.tiseno.poplook.functions.EGHLSaleResult"
174-->src/main/AndroidManifest.xml:155:13-53
175            android:label="eGHL Payment Result"
175-->src/main/AndroidManifest.xml:156:13-48
176            android:screenOrientation="portrait"
176-->src/main/AndroidManifest.xml:157:13-49
177            android:theme="@style/AppTheme.NoActionBar" />
177-->src/main/AndroidManifest.xml:158:13-56
178        <activity
178-->src/main/AndroidManifest.xml:159:9-162:59
179            android:name="com.tiseno.poplook.ChooseCountryActivity"
179-->src/main/AndroidManifest.xml:160:13-50
180            android:screenOrientation="portrait"
180-->src/main/AndroidManifest.xml:161:13-49
181            android:theme="@style/AppTheme.NoActionBar" />
181-->src/main/AndroidManifest.xml:162:13-56
182        <activity
182-->src/main/AndroidManifest.xml:163:9-173:20
183            android:name="com.tiseno.poplook.SplashActivity"
183-->src/main/AndroidManifest.xml:164:13-43
184            android:launchMode="singleInstance"
184-->src/main/AndroidManifest.xml:165:13-48
185            android:screenOrientation="portrait" >
185-->src/main/AndroidManifest.xml:166:13-49
186            <intent-filter>
186-->src/main/AndroidManifest.xml:168:13-172:29
187                <action android:name="android.intent.action.MAIN" />
187-->src/main/AndroidManifest.xml:169:17-69
187-->src/main/AndroidManifest.xml:169:25-66
188
189                <category android:name="android.intent.category.LAUNCHER" />
189-->src/main/AndroidManifest.xml:171:17-77
189-->src/main/AndroidManifest.xml:171:27-74
190            </intent-filter>
191        </activity>
192        <activity android:name="com.tiseno.poplook.ChooseCountryActivity2" />
192-->src/main/AndroidManifest.xml:174:9-60
192-->src/main/AndroidManifest.xml:174:19-57
193
194        <meta-data
194-->src/main/AndroidManifest.xml:176:9-107
195            android:name="com.facebook.sdk.ApplicationId"
195-->src/main/AndroidManifest.xml:176:20-65
196            android:value="@string/facebook_app_id" />
196-->src/main/AndroidManifest.xml:176:66-105
197        <meta-data
197-->src/main/AndroidManifest.xml:178:9-179:35
198            android:name="com.facebook.sdk.AutoLogAppEventsEnabled"
198-->src/main/AndroidManifest.xml:178:20-75
199            android:value="true" />
199-->src/main/AndroidManifest.xml:179:13-33
200        <meta-data
200-->src/main/AndroidManifest.xml:180:9-181:35
201            android:name="com.facebook.sdk.AutoInitEnabled"
201-->src/main/AndroidManifest.xml:180:20-67
202            android:value="true" />
202-->src/main/AndroidManifest.xml:181:13-33
203        <meta-data
203-->src/main/AndroidManifest.xml:182:9-183:35
204            android:name="com.facebook.sdk.AdvertiserIDCollectionEnabled"
204-->src/main/AndroidManifest.xml:182:20-81
205            android:value="true" />
205-->src/main/AndroidManifest.xml:183:13-33
206        <meta-data
206-->src/main/AndroidManifest.xml:184:9-186:69
207            android:name="com.google.android.gms.ads.APPLICATION_ID"
207-->src/main/AndroidManifest.xml:185:13-69
208            android:value="ca-app-pub-7719270692211726~2806079163" />
208-->src/main/AndroidManifest.xml:186:13-67
209
210        <activity
210-->[:eghl-sdk-v2.2.9] AndroidManifest.xml:17:9-19:62
211            android:name="com.eghl.sdk.payment.PaymentActivity"
211-->[:eghl-sdk-v2.2.9] AndroidManifest.xml:18:13-64
212            android:configChanges="orientation|screenSize" />
212-->[:eghl-sdk-v2.2.9] AndroidManifest.xml:19:13-59
213        <activity
213-->[:eghl-sdk-v2.2.9] AndroidManifest.xml:20:9-22:62
214            android:name="com.eghl.sdk.masterpass.MasterPassActivity"
214-->[:eghl-sdk-v2.2.9] AndroidManifest.xml:21:13-70
215            android:configChanges="orientation|screenSize" />
215-->[:eghl-sdk-v2.2.9] AndroidManifest.xml:22:13-59
216        <activity android:name="com.eghl.sdk.popup.PopupActivity" />
216-->[:eghl-sdk-v2.2.9] AndroidManifest.xml:23:9-69
216-->[:eghl-sdk-v2.2.9] AndroidManifest.xml:23:19-66
217
218        <provider
218-->[com.crashlytics.sdk.android:crashlytics:2.10.1] AndroidManifest.xml:19:9-23:38
219            android:name="com.crashlytics.android.CrashlyticsInitProvider"
219-->[com.crashlytics.sdk.android:crashlytics:2.10.1] AndroidManifest.xml:20:13-75
220            android:authorities="com.tiseno.poplook.crashlyticsinitprovider"
220-->[com.crashlytics.sdk.android:crashlytics:2.10.1] AndroidManifest.xml:21:13-75
221            android:exported="false"
221-->[com.crashlytics.sdk.android:crashlytics:2.10.1] AndroidManifest.xml:22:13-37
222            android:initOrder="90" />
222-->[com.crashlytics.sdk.android:crashlytics:2.10.1] AndroidManifest.xml:23:13-35
223
224        <activity
224-->[com.karumi:dexter:2.3.1] AndroidManifest.xml:27:9-30:56
225            android:name="com.karumi.dexter.DexterActivity"
225-->[com.karumi:dexter:2.3.1] AndroidManifest.xml:28:13-60
226            android:launchMode="singleTask"
226-->[com.karumi:dexter:2.3.1] AndroidManifest.xml:29:13-44
227            android:theme="@style/Theme.Transparent" />
227-->[com.karumi:dexter:2.3.1] AndroidManifest.xml:30:13-53
228        <activity
228-->[com.facebook.android:facebook-common:5.15.3] AndroidManifest.xml:30:9-33:66
229            android:name="com.facebook.FacebookActivity"
229-->[com.facebook.android:facebook-common:5.15.3] AndroidManifest.xml:31:13-57
230            android:configChanges="keyboard|keyboardHidden|screenLayout|screenSize|orientation"
230-->[com.facebook.android:facebook-common:5.15.3] AndroidManifest.xml:32:13-96
231            android:theme="@style/com_facebook_activity_theme" />
231-->[com.facebook.android:facebook-common:5.15.3] AndroidManifest.xml:33:13-63
232        <activity android:name="com.facebook.CustomTabMainActivity" />
232-->[com.facebook.android:facebook-common:5.15.3] AndroidManifest.xml:34:9-71
232-->[com.facebook.android:facebook-common:5.15.3] AndroidManifest.xml:34:19-68
233        <activity
233-->[com.facebook.android:facebook-common:5.15.3] AndroidManifest.xml:35:9-49:20
234            android:name="com.facebook.CustomTabActivity"
234-->[com.facebook.android:facebook-common:5.15.3] AndroidManifest.xml:36:13-58
235            android:exported="true" >
235-->[com.facebook.android:facebook-common:5.15.3] AndroidManifest.xml:37:13-36
236            <intent-filter>
236-->[com.facebook.android:facebook-common:5.15.3] AndroidManifest.xml:39:13-48:29
237                <action android:name="android.intent.action.VIEW" />
237-->src/main/AndroidManifest.xml:47:17-69
237-->src/main/AndroidManifest.xml:47:25-66
238
239                <category android:name="android.intent.category.DEFAULT" />
239-->src/main/AndroidManifest.xml:48:17-76
239-->src/main/AndroidManifest.xml:48:27-73
240                <category android:name="android.intent.category.BROWSABLE" />
240-->src/main/AndroidManifest.xml:49:17-78
240-->src/main/AndroidManifest.xml:49:27-75
241
242                <data
242-->src/main/AndroidManifest.xml:50:17-104
243                    android:host="cct.com.tiseno.poplook"
243-->src/main/AndroidManifest.xml:50:45-71
244                    android:scheme="fbconnect" />
244-->src/main/AndroidManifest.xml:50:23-44
245            </intent-filter>
246        </activity>
247        <activity android:name="com.paypal.android.sdk.payments.PayPalFuturePaymentActivity" />
247-->[com.paypal.sdk:paypal-android-sdk:2.15.1] AndroidManifest.xml:17:9-96
247-->[com.paypal.sdk:paypal-android-sdk:2.15.1] AndroidManifest.xml:17:19-93
248        <activity android:name="com.paypal.android.sdk.payments.FuturePaymentConsentActivity" />
248-->[com.paypal.sdk:paypal-android-sdk:2.15.1] AndroidManifest.xml:18:9-97
248-->[com.paypal.sdk:paypal-android-sdk:2.15.1] AndroidManifest.xml:18:19-94
249        <activity android:name="com.paypal.android.sdk.payments.FuturePaymentInfoActivity" />
249-->[com.paypal.sdk:paypal-android-sdk:2.15.1] AndroidManifest.xml:19:9-94
249-->[com.paypal.sdk:paypal-android-sdk:2.15.1] AndroidManifest.xml:19:19-91
250        <activity android:name="com.paypal.android.sdk.payments.PayPalProfileSharingActivity" />
250-->[com.paypal.sdk:paypal-android-sdk:2.15.1] AndroidManifest.xml:20:9-97
250-->[com.paypal.sdk:paypal-android-sdk:2.15.1] AndroidManifest.xml:20:19-94
251        <activity android:name="com.paypal.android.sdk.payments.ProfileSharingConsentActivity" />
251-->[com.paypal.sdk:paypal-android-sdk:2.15.1] AndroidManifest.xml:21:9-98
251-->[com.paypal.sdk:paypal-android-sdk:2.15.1] AndroidManifest.xml:21:19-95
252
253        <service
253-->[com.google.firebase:firebase-database:19.2.1] AndroidManifest.xml:29:9-35:19
254            android:name="com.google.firebase.components.ComponentDiscoveryService"
254-->[com.google.firebase:firebase-database:19.2.1] AndroidManifest.xml:30:13-84
255            android:directBootAware="true"
255-->[com.google.firebase:firebase-common:19.3.0] AndroidManifest.xml:34:13-43
256            android:exported="false" >
256-->[com.google.firebase:firebase-database:19.2.1] AndroidManifest.xml:31:13-37
257            <meta-data
257-->[com.google.firebase:firebase-database:19.2.1] AndroidManifest.xml:32:13-34:85
258                android:name="com.google.firebase.components:com.google.firebase.database.DatabaseRegistrar"
258-->[com.google.firebase:firebase-database:19.2.1] AndroidManifest.xml:33:17-109
259                android:value="com.google.firebase.components.ComponentRegistrar" />
259-->[com.google.firebase:firebase-database:19.2.1] AndroidManifest.xml:34:17-82
260            <meta-data
260-->[com.google.firebase:firebase-crash:16.2.1] AndroidManifest.xml:26:13-28:85
261                android:name="com.google.firebase.components:com.google.firebase.crash.component.FirebaseCrashRegistrar"
261-->[com.google.firebase:firebase-crash:16.2.1] AndroidManifest.xml:27:17-121
262                android:value="com.google.firebase.components.ComponentRegistrar" />
262-->[com.google.firebase:firebase-crash:16.2.1] AndroidManifest.xml:28:17-82
263            <meta-data
263-->[com.google.firebase:firebase-config:19.1.1] AndroidManifest.xml:32:13-34:85
264                android:name="com.google.firebase.components:com.google.firebase.remoteconfig.RemoteConfigRegistrar"
264-->[com.google.firebase:firebase-config:19.1.1] AndroidManifest.xml:33:17-117
265                android:value="com.google.firebase.components.ComponentRegistrar" />
265-->[com.google.firebase:firebase-config:19.1.1] AndroidManifest.xml:34:17-82
266            <meta-data
266-->[com.google.firebase:firebase-messaging:20.1.0] AndroidManifest.xml:38:13-40:85
267                android:name="com.google.firebase.components:com.google.firebase.messaging.FirebaseMessagingRegistrar"
267-->[com.google.firebase:firebase-messaging:20.1.0] AndroidManifest.xml:39:17-119
268                android:value="com.google.firebase.components.ComponentRegistrar" />
268-->[com.google.firebase:firebase-messaging:20.1.0] AndroidManifest.xml:40:17-82
269            <meta-data
269-->[com.google.firebase:firebase-auth:19.2.0] AndroidManifest.xml:36:13-38:85
270                android:name="com.google.firebase.components:com.google.firebase.auth.FirebaseAuthRegistrar"
270-->[com.google.firebase:firebase-auth:19.2.0] AndroidManifest.xml:37:17-109
271                android:value="com.google.firebase.components.ComponentRegistrar" />
271-->[com.google.firebase:firebase-auth:19.2.0] AndroidManifest.xml:38:17-82
272            <meta-data
272-->[com.google.firebase:firebase-abt:19.0.1] AndroidManifest.xml:13:13-15:85
273                android:name="com.google.firebase.components:com.google.firebase.abt.component.AbtRegistrar"
273-->[com.google.firebase:firebase-abt:19.0.1] AndroidManifest.xml:14:17-109
274                android:value="com.google.firebase.components.ComponentRegistrar" />
274-->[com.google.firebase:firebase-abt:19.0.1] AndroidManifest.xml:15:17-82
275            <meta-data
275-->[com.google.android.gms:play-services-measurement-api:17.2.2] AndroidManifest.xml:30:13-32:85
276                android:name="com.google.firebase.components:com.google.firebase.analytics.connector.internal.AnalyticsConnectorRegistrar"
276-->[com.google.android.gms:play-services-measurement-api:17.2.2] AndroidManifest.xml:31:17-139
277                android:value="com.google.firebase.components.ComponentRegistrar" />
277-->[com.google.android.gms:play-services-measurement-api:17.2.2] AndroidManifest.xml:32:17-82
278            <meta-data
278-->[com.google.firebase:firebase-iid:20.0.2] AndroidManifest.xml:32:13-34:85
279                android:name="com.google.firebase.components:com.google.firebase.iid.Registrar"
279-->[com.google.firebase:firebase-iid:20.0.2] AndroidManifest.xml:33:17-96
280                android:value="com.google.firebase.components.ComponentRegistrar" />
280-->[com.google.firebase:firebase-iid:20.0.2] AndroidManifest.xml:34:17-82
281            <meta-data
281-->[com.google.firebase:firebase-datatransport:17.0.3] AndroidManifest.xml:28:13-30:85
282                android:name="com.google.firebase.components:com.google.firebase.datatransport.TransportRegistrar"
282-->[com.google.firebase:firebase-datatransport:17.0.3] AndroidManifest.xml:29:17-115
283                android:value="com.google.firebase.components.ComponentRegistrar" />
283-->[com.google.firebase:firebase-datatransport:17.0.3] AndroidManifest.xml:30:17-82
284            <meta-data
284-->[com.google.firebase:firebase-dynamic-links:17.0.0] AndroidManifest.xml:9:13-11:85
285                android:name="com.google.firebase.components:com.google.firebase.dynamiclinks.internal.FirebaseDynamicLinkRegistrar"
285-->[com.google.firebase:firebase-dynamic-links:17.0.0] AndroidManifest.xml:10:17-133
286                android:value="com.google.firebase.components.ComponentRegistrar" />
286-->[com.google.firebase:firebase-dynamic-links:17.0.0] AndroidManifest.xml:11:17-82
287        </service>
288        <!--
289             FirebaseMessagingService performs security checks at runtime,
290             but set to not exported to explicitly avoid allowing another app to call it.
291        -->
292        <service
292-->[com.google.firebase:firebase-messaging:20.1.0] AndroidManifest.xml:28:9-34:19
293            android:name="com.google.firebase.messaging.FirebaseMessagingService"
293-->[com.google.firebase:firebase-messaging:20.1.0] AndroidManifest.xml:29:13-82
294            android:exported="false" >
294-->[com.google.firebase:firebase-messaging:20.1.0] AndroidManifest.xml:30:13-37
295            <intent-filter android:priority="-500" >
295-->src/main/AndroidManifest.xml:127:13-129:29
296                <action android:name="com.google.firebase.MESSAGING_EVENT" />
296-->src/main/AndroidManifest.xml:128:17-78
296-->src/main/AndroidManifest.xml:128:25-75
297            </intent-filter>
298        </service>
299
300        <activity